===== شروع دانلود @tiktok در Mon May 11 09:23:12 UTC 2026 =====
[debug] Command-line config: ['--verbose', '--proxy', 'socks5://127.0.0.1:1080', '-f', 'bestvideo+bestaudio/best', '--merge-output-format', 'mp4', '--output', 'raw_tiktok/tiktok/%(id)s.%(ext)s', '--write-thumbnail', '--convert-thumbnails', 'jpg', '--playlist-end', '3', '--retries', '8', '--sleep-interval', '2', '--max-sleep-interval', '5', '--impersonate', 'chrome', '--extractor-args', 'tiktok:no_watermark=1', 'https://www.tiktok.com/@tiktok']
[debug] Encodings: locale UTF-8, fs utf-8, pref UTF-8, out utf-8 (No ANSI), error utf-8 (No ANSI), screen utf-8 (No ANSI)
[debug] yt-dlp version stable@2026.03.17 from yt-dlp/yt-dlp [04d6974f5] (pip)
[debug] Python 3.12.3 (CPython x86_64 64bit) - Linux-6.17.0-1010-azure-x86_64-with-glibc2.39 (OpenSSL 3.0.13 30 Jan 2024, glibc 2.39)
[debug] exe versions: ffmpeg 6.1.1 (setts), ffprobe 6.1.1
[debug] Optional libraries: brotli-1.2.0, certifi-2026.04.22, curl_cffi-0.15.0 (unsupported), requests-2.31.0 (unsupported), sqlite3-3.45.1, urllib3-2.0.7
[debug] JS runtimes: none
[debug] Proxy map: {'all': 'socks5://127.0.0.1:1080'}
[debug] Request Handlers: urllib
[debug] Plugin directories: none
Traceback (most recent call last):
  File "/home/runner/.local/bin/yt-dlp", line 8, in <module>
    sys.exit(main())
             ^^^^^^
  File "/home/runner/.local/lib/python3.12/site-packages/yt_dlp/__init__.py", line 1079, in main
    _exit(*variadic(_real_main(argv)))
                    ^^^^^^^^^^^^^^^^
  File "/home/runner/.local/lib/python3.12/site-packages/yt_dlp/__init__.py", line 981, in _real_main
    with YoutubeDL(ydl_opts) as ydl:
         ^^^^^^^^^^^^^^^^^^^
  File "/home/runner/.local/lib/python3.12/site-packages/yt_dlp/YoutubeDL.py", line 764, in __init__
    raise YoutubeDLError(
yt_dlp.utils.YoutubeDLError: Impersonate target "chrome" is not available. Use --list-impersonate-targets to see available targets. You may be missing dependencies required to support this target.
❌ هیچ ویدیویی دانلود نشد.
